[    0.000000] Linux version 4.15.0-39-generic (buildd@lgw01-amd64-054) (gcc version 7.3.0 (Ubuntu 7.3.0-16ubuntu3)) #42-Ubuntu SMP Tue Oct 23 15:48:01 UTC 2018 (Ubuntu 4.15.0-39.42-generic 4.15.18)
[    0.000000] Command line: BOOT_IMAGE=/boot/vmlinuz-4.15.0-39-generic root=UUID=02ed4d94-89e1-4ebb-b5ad-4789b97c1162 ro console=tty1 console=ttyS0
[    0.000000] KERNEL supported cpus:
[    0.000000]   Intel GenuineIntel
[    0.000000]   AMD AuthenticAMD
[    0.000000]   Centaur CentaurHauls
[    0.000000] ------------[ cut here ]------------
[    0.000000] XSAVE consistency problem, dumping leaves
[    0.000000] WARNING: CPU: 0 PID: 0 at /build/linux-A9GvNk/linux-4.15.0/arch/x86/kernel/fpu/xstate.c:614 do_extra_xstate_size_checks+0x303/0x3e6
[    0.000000] Modules linked in:
[    0.000000] CPU: 0 PID: 0 Comm: swapper Not tainted 4.15.0-39-generic #42-Ubuntu
[    0.000000] RIP: 0010:do_extra_xstate_size_checks+0x303/0x3e6
[    0.000000] RSP: 0000:ffffffffbc603d50 EFLAGS: 00010086 ORIG_RAX: 0000000000000000
[    0.000000] RAX: 0000000000000000 RBX: 000000000000000a RCX: ffffffffbc662728
[    0.000000] RDX: 0000000000000001 RSI: 0000000000000086 RDI: 0000000000000047
[    0.000000] RBP: ffffffffbc603d90 R08: 657661656c20676e R09: 0000000000000007
[    0.000000] R10: ffffffffbc859d80 R11: 0000000000000000 R12: 0000000000000100
[    0.000000] R13: 0000000000000340 R14: ffffffffbc603d54 R15: ffffffffbc603d50
[    0.000000] FS:  0000000000000000(0000) GS:ffffffffbc87e000(0000) knlGS:0000000000000000
[    0.000000] CS:  0010 DS: 0000 ES: 0000 CR0: 0000000080050033
[    0.000000] CR2: ffff88000008a000 CR3: 000000000c120000 CR4: 00000000000406a0
[    0.000000] Call Trace:
[    0.000000]  fpu__init_system_xstate+0x183/0x484
[    0.000000]  fpu__init_system+0x213/0x265
[    0.000000]  ? early_init_intel+0xd0/0x450
[    0.000000]  early_cpu_init+0x20d/0x214
[    0.000000]  ? 0xffffffffbb200000
[    0.000000]  setup_arch+0xcb/0xc82
[    0.000000]  ? printk+0x52/0x6e
[    0.000000]  start_kernel+0x6d/0x4fd
[    0.000000]  x86_64_start_reservations+0x24/0x26
[    0.000000]  x86_64_start_kernel+0x74/0x77
[    0.000000]  secondary_startup_64+0xa5/0xb0
[    0.000000] Code: ff ff 44 3b 2d 1d 2c 8b 01 0f 84 d5 00 00 00 80 3d 5a 41 5d 01 00 75 29 48 c7 c7 28 97 2b bc c6 05 4a 41 5d 01 01 e8 e3 01 05 00 <0f> 0b eb 12 83 3d 18 02 3f 01 00 0f 84 af fe ff ff e9 a5 fe ff 
[    0.000000] random: get_random_bytes called from print_oops_end_marker+0x3f/0x60 with crng_init=0
[    0.000000] ---[ end trace 1db585f2e19214cf ]---
[    0.000000] CPUID[0d, 00]: eax=00000007 ebx=00000440 ecx=00000440 edx=00000000
[    0.000000] CPUID[0d, 01]: eax=00000000 ebx=000003c0 ecx=00000000 edx=00000000
[    0.000000] CPUID[0d, 02]: eax=00000100 ebx=00000240 ecx=00000000 edx=00000000
[    0.000000] CPUID[0d, 03]: eax=00000000 ebx=00000000 ecx=00000000 edx=00000000
[    0.000000] CPUID[0d, 04]: eax=00000000 ebx=00000000 ecx=00000000 edx=00000000
[    0.000000] CPUID[0d, 05]: eax=00000000 ebx=00000000 ecx=00000000 edx=00000000
[    0.000000] CPUID[0d, 06]: eax=00000000 ebx=00000000 ecx=00000000 edx=00000000
[    0.000000] CPUID[0d, 07]: eax=00000000 ebx=00000000 ecx=00000000 edx=00000000
[    0.000000] CPUID[0d, 08]: eax=00000000 ebx=00000000 ecx=00000000 edx=00000000
[    0.000000] CPUID[0d, 09]: eax=00000000 ebx=00000000 ecx=00000000 edx=00000000
[    0.000000] CPUID[0d, 0a]: eax=00000000 ebx=00000000 ecx=00000000 edx=00000000
[    0.000000] CPUID[0d, 0b]: eax=00000000 ebx=00000000 ecx=00000000 edx=00000000
[    0.000000] CPUID[0d, 0c]: eax=00000000 ebx=00000000 ecx=00000000 edx=00000000
[    0.000000] CPUID[0d, 0d]: eax=00000000 ebx=00000000 ecx=00000000 edx=00000000
[    0.000000] CPUID[0d, 0e]: eax=00000000 ebx=00000000 ecx=00000000 edx=00000000
[    0.000000] CPUID[0d, 0f]: eax=00000000 ebx=00000000 ecx=00000000 edx=00000000
[    0.000000] CPUID[0d, 10]: eax=00000000 ebx=00000000 ecx=00000000 edx=00000000
[    0.000000] CPUID[0d, 11]: eax=00000000 ebx=00000000 ecx=00000000 edx=00000000
[    0.000000] CPUID[0d, 12]: eax=00000000 ebx=00000000 ecx=00000000 edx=00000000
[    0.000000] CPUID[0d, 13]: eax=00000000 ebx=00000000 ecx=00000000 edx=00000000
[    0.000000] x86/fpu: Supporting XSAVE feature 0x001: 'x87 floating point registers'
[    0.000000] x86/fpu: Supporting XSAVE feature 0x002: 'SSE registers'
[    0.000000] x86/fpu: Supporting XSAVE feature 0x004: 'AVX registers'
[    0.000000] x86/fpu: xstate_offset[2]:  576, xstate_sizes[2]:  256
[    0.000000] x86/fpu: Enabled xstate features 0x7, context size is 1088 bytes, using 'standard' format.
[    0.000000] e820: BIOS-provided physical RAM map:
[    0.000000] BIOS-e820: [mem 0x0000000000000000-0x000000000009fbff] usable
[    0.000000] BIOS-e820: [mem 0x000000000009fc00-0x000000000009ffff] reserved
[    0.000000] BIOS-e820: [mem 0x00000000000f0000-0x00000000000fffff] reserved
[    0.000000] BIOS-e820: [mem 0x0000000000100000-0x000000003ffeffff] usable
[    0.000000] BIOS-e820: [mem 0x000000003fff0000-0x000000003fffffff] ACPI data
[    0.000000] BIOS-e820: [mem 0x00000000fec00000-0x00000000fec00fff] reserved
[    0.000000] BIOS-e820: [mem 0x00000000fee00000-0x00000000fee00fff] reserved
[    0.000000] BIOS-e820: [mem 0x00000000fffc0000-0x00000000ffffffff] reserved
[    0.000000] NX (Execute Disable) protection: active
[    0.000000] SMBIOS 2.5 present.
[    0.000000] DMI: innotek GmbH VirtualBox/VirtualBox, BIOS VirtualBox 12/01/2006
[    0.000000] Hypervisor detected: KVM
[    0.000000] e820: last_pfn = 0x3fff0 max_arch_pfn = 0x400000000
[    0.000000] MTRR: Disabled
[    0.000000] x86/PAT: MTRRs disabled, skipping PAT initialization too.
[    0.000000] CPU MTRRs all blank - virtualized system.
[    0.000000] x86/PAT: Configuration [0-7]: WB  WT  UC- UC  WB  WT  UC- UC  
[    0.000000] found SMP MP-table at [mem 0x0009fff0-0x0009ffff] mapped at [        (ptrval)]
[    0.000000] Scanning 1 areas for low memory corruption
[    0.000000] RAMDISK: [mem 0x359d5000-0x36ce1fff]
[    0.000000] ACPI: Early table checksum verification disabled
[    0.000000] ACPI: RSDP 0x00000000000E0000 000024 (v02 VBOX  )
[    0.000000] ACPI: XSDT 0x000000003FFF0030 00003C (v01 VBOX   VBOXXSDT 00000001 ASL  00000061)
[    0.000000] ACPI: FACP 0x000000003FFF00F0 0000F4 (v04 VBOX   VBOXFACP 00000001 ASL  00000061)
[    0.000000] ACPI: DSDT 0x000000003FFF0470 0021FF (v02 VBOX   VBOXBIOS 00000002 INTL 20160108)
[    0.000000] ACPI: FACS 0x000000003FFF0200 000040
[    0.000000] ACPI: FACS 0x000000003FFF0200 000040
[    0.000000] ACPI: APIC 0x000000003FFF0240 00005C (v02 VBOX   VBOXAPIC 00000001 ASL  00000061)
[    0.000000] ACPI: SSDT 0x000000003FFF02A0 0001CC (v01 VBOX   VBOXCPUT 00000002 INTL 20160108)
[    0.000000] No NUMA configuration found
[    0.000000] Faking a node at [mem 0x0000000000000000-0x000000003ffeffff]
[    0.000000] NODE_DATA(0) allocated [mem 0x3ffc5000-0x3ffeffff]
[    0.000000] kvm-clock: cpu 0, msr 0:3ff44001, primary cpu clock
[    0.000000] kvm-clock: Using msrs 4b564d01 and 4b564d00
[    0.000000] kvm-clock: using sched offset of 11911446082 cycles
[    0.000000] clocksource: kvm-clock: mask: 0xffffffffffffffff max_cycles: 0x1cd42e4dffb, max_idle_ns: 881590591483 ns
[    0.000000] Zone ranges:
[    0.000000]   DMA      [mem 0x0000000000001000-0x0000000000ffffff]
[    0.000000]   DMA32    [mem 0x0000000001000000-0x000000003ffeffff]
[    0.000000]   Normal   empty
[    0.000000]   Device   empty
[    0.000000] Movable zone start for each node
[    0.000000] Early memory node ranges
[    0.000000]   node   0: [mem 0x0000000000001000-0x000000000009efff]
[    0.000000]   node   0: [mem 0x0000000000100000-0x000000003ffeffff]
[    0.000000] Initmem setup node 0 [mem 0x0000000000001000-0x000000003ffeffff]
[    0.000000] Reserved but unavailable: 98 pages
[    0.000000] ACPI: PM-Timer IO Port: 0x4008
[    0.000000] IOAPIC[0]: apic_id 2, version 32, address 0xfec00000, GSI 0-23
[    0.000000] ACPI: INT_SRC_OVR (bus 0 bus_irq 0 global_irq 2 dfl dfl)
[    0.000000] ACPI: INT_SRC_OVR (bus 0 bus_irq 9 global_irq 9 high level)
[    0.000000] Using ACPI (MADT) for SMP configuration information
[    0.000000] smpboot: Allowing 2 CPUs, 0 hotplug CPUs
[    0.000000] PM: Registered nosave memory: [mem 0x00000000-0x00000fff]
[    0.000000] PM: Registered nosave memory: [mem 0x0009f000-0x0009ffff]
[    0.000000] PM: Registered nosave memory: [mem 0x000a0000-0x000effff]
[    0.000000] PM: Registered nosave memory: [mem 0x000f0000-0x000fffff]
[    0.000000] e820: [mem 0x40000000-0xfebfffff] available for PCI devices
[    0.000000] Booting paravirtualized kernel on KVM
[    0.000000] clocksource: refined-jiffies: mask: 0xffffffff max_cycles: 0xffffffff, max_idle_ns: 7645519600211568 ns
[    0.000000] setup_percpu: NR_CPUS:8192 nr_cpumask_bits:2 nr_cpu_ids:2 nr_node_ids:1
[    0.000000] percpu: Embedded 46 pages/cpu @        (ptrval) s151552 r8192 d28672 u1048576
[    0.000000] PV qspinlock hash table entries: 256 (order: 0, 4096 bytes)
[    0.000000] Built 1 zonelists, mobility grouping on.  Total pages: 257913
[    0.000000] Policy zone: DMA32
[    0.000000] Kernel command line: BOOT_IMAGE=/boot/vmlinuz-4.15.0-39-generic root=UUID=02ed4d94-89e1-4ebb-b5ad-4789b97c1162 ro console=tty1 console=ttyS0
[    0.000000] Memory: 983076K/1048120K available (12300K kernel code, 2472K rwdata, 4248K rodata, 2408K init, 2416K bss, 65044K reserved, 0K cma-reserved)
[    0.000000] SLUB: HWalign=64, Order=0-3, MinObjects=0, CPUs=2, Nodes=1
[    0.000000] Kernel/User page tables isolation: enabled
[    0.000000] ftrace: allocating 39178 entries in 154 pages
[    0.004000] Hierarchical RCU implementation.
[    0.004000] 	RCU restricting CPUs from NR_CPUS=8192 to nr_cpu_ids=2.
[    0.004000] 	Tasks RCU enabled.
[    0.004000] RCU: Adjusting geometry for rcu_fanout_leaf=16, nr_cpu_ids=2
[    0.004000] NR_IRQS: 524544, nr_irqs: 440, preallocated irqs: 16
[    0.004000] Console: colour VGA+ 80x25
[    0.004000] console [tty1] enabled
[    0.004000] console [ttyS0] enabled
[    0.004000] ACPI: Core revision 20170831
[    0.004000] ACPI: 2 ACPI AML tables successfully acquired and loaded
[    0.004000] APIC: Switch to symmetric I/O mode setup
[    0.004293] x2apic enabled
[    0.008008] Switched APIC routing to physical x2apic.
[    0.010083] ..TIMER: vector=0x30 apic1=0 pin1=2 apic2=-1 pin2=-1
[    0.012008] tsc: Detected 2399.998 MHz processor
[    0.016014] Calibrating delay loop (skipped) preset value.. 4799.99 BogoMIPS (lpj=9599992)
[    0.020009] pid_max: default: 32768 minimum: 301
[    0.020752] Security Framework initialized
[    0.021402] Yama: becoming mindful.
[    0.022000] AppArmor: AppArmor initialized
[    0.024622] Dentry cache hash table entries: 131072 (order: 8, 1048576 bytes)
[    0.028081] Inode-cache hash table entries: 65536 (order: 7, 524288 bytes)
[    0.032034] Mount-cache hash table entries: 2048 (order: 2, 16384 bytes)
[    0.036025] Mountpoint-cache hash table entries: 2048 (order: 2, 16384 bytes)
[    0.040291] mce: CPU supports 0 MCE banks
[    0.044025] Last level iTLB entries: 4KB 64, 2MB 8, 4MB 8
[    0.048012] Last level dTLB entries: 4KB 64, 2MB 0, 4MB 0, 1GB 4
[    0.052009] Spectre V2 : Mitigation: Full generic retpoline
[    0.056007] Spectre V2 : Spectre v2 / SpectreRSB mitigation: Filling RSB on context switch
[    0.060007] Speculative Store Bypass: Vulnerable
[    0.060902] Freeing SMP alternatives memory: 36K
[    0.068000] smpboot: CPU0: Intel(R) Core(TM) i5-6200U CPU @ 2.30GHz (family: 0x6, model: 0x4e, stepping: 0x3)
[    0.068094] Performance Events: unsupported p6 CPU model 78 no PMU driver, software events only.
[    0.072085] Hierarchical SRCU implementation.
[    0.076695] NMI watchdog: Perf event create on CPU 0 failed with -2
[    0.080008] NMI watchdog: Perf NMI watchdog permanently disabled
[    0.084101] smp: Bringing up secondary CPUs ...
[    0.085028] x86: Booting SMP configuration:
[    0.085809] .... node  #0, CPUs:      #1
[    0.004000] kvm-clock: cpu 1, msr 0:3ff44041, secondary cpu clock
[    0.004000] mce: CPU supports 0 MCE banks
[    0.100033] smp: Brought up 1 node, 2 CPUs
[    0.104014] smpboot: Max logical packages: 1
[    0.108016] smpboot: Total of 2 processors activated (9599.99 BogoMIPS)
[    0.112217] devtmpfs: initialized
[    0.116116] x86/mm: Memory block size: 128MB
[    0.117262] evm: security.selinux
[    0.120016] evm: security.SMACK64
[    0.124010] evm: security.SMACK64EXEC
[    0.128021] evm: security.SMACK64TRANSMUTE
[    0.132006] evm: security.SMACK64MMAP
[    0.136010] evm: security.apparmor
[    0.140010] evm: security.ima
[    0.144008] evm: security.capability
[    0.144931] clocksource: jiffies: mask: 0xffffffff max_cycles: 0xffffffff, max_idle_ns: 7645041785100000 ns
[    0.148019] futex hash table entries: 512 (order: 3, 32768 bytes)
[    0.152126] pinctrl core: initialized pinctrl subsystem
[    0.160168] RTC time: 11:19:25, date: 12/08/18
[    0.164221] NET: Registered protocol family 16
[    0.168125] audit: initializing netlink subsys (disabled)
[    0.169282] audit: type=2000 audit(1544267975.221:1): state=initialized audit_enabled=0 res=1
[    0.180015] cpuidle: using governor ladder
[    0.184026] cpuidle: using governor menu
[    0.188068] ACPI: bus type PCI registered
[    0.192007] acpiphp: ACPI Hot Plug PCI Controller Driver version: 0.5
[    0.193190] PCI: Using configuration type 1 for base access
[    0.197118] HugeTLB registered 2.00 MiB page size, pre-allocated 0 pages
[    0.200088] ACPI: Added _OSI(Module Device)
[    0.200838] ACPI: Added _OSI(Processor Device)
[    0.201609] ACPI: Added _OSI(3.0 _SCP Extensions)
[    0.202430] ACPI: Added _OSI(Processor Aggregator Device)
[    0.203366] ACPI: Added _OSI(Linux-Dell-Video)
[    0.204011] ACPI: Added _OSI(Linux-Lenovo-NV-HDMI-Audio)
[    0.208367] ACPI: Executed 1 blocks of module-level executable AML code
[    0.217951] ACPI: Interpreter enabled
[    0.220030] ACPI: (supports S0 S5)
[    0.220662] ACPI: Using IOAPIC for interrupt routing
[    0.221820] PCI: Using host bridge windows from ACPI; if necessary, use "pci=nocrs" and report a bug
[    0.224192] ACPI: Enabled 2 GPEs in block 00 to 07
[    0.236622] ACPI: PCI Root Bridge [PCI0] (domain 0000 [bus 00-ff])
[    0.240014] acpi PNP0A03:00: _OSC: OS supports [ASPM ClockPM Segments MSI]
[    0.244041] acpi PNP0A03:00: _OSC: not requesting OS control; OS requires [ExtendedConfig ASPM ClockPM MSI]
[    0.245650] acpi PNP0A03:00: fail to add MMCONFIG information, can't access extended PCI configuration space under this bridge.
[    0.248348] PCI host bridge to bus 0000:00
[    0.252011] pci_bus 0000:00: root bus resource [io  0x0000-0x0cf7 window]
[    0.253209] pci_bus 0000:00: root bus resource [io  0x0d00-0xffff window]
[    0.256011] pci_bus 0000:00: root bus resource [mem 0x000a0000-0x000bffff window]
[    0.260007] pci_bus 0000:00: root bus resource [mem 0x40000000-0xffdfffff window]
[    0.264010] pci_bus 0000:00: root bus resource [bus 00-ff]
[    0.269686] pci 0000:00:01.1: legacy IDE quirk: reg 0x10: [io  0x01f0-0x01f7]
[    0.272009] pci 0000:00:01.1: legacy IDE quirk: reg 0x14: [io  0x03f6]
[    0.272958] pci 0000:00:01.1: legacy IDE quirk: reg 0x18: [io  0x0170-0x0177]
[    0.276005] pci 0000:00:01.1: legacy IDE quirk: reg 0x1c: [io  0x0376]
[    0.297338] pci 0000:00:07.0: quirk: [io  0x4000-0x403f] claimed by PIIX4 ACPI
[    0.300023] pci 0000:00:07.0: quirk: [io  0x4100-0x410f] claimed by PIIX4 SMB
[    0.309295] ACPI: PCI Interrupt Link [LNKA] (IRQs 5 9 10 *11)
[    0.312364] ACPI: PCI Interrupt Link [LNKB] (IRQs 5 9 10 *11)
[    0.316171] ACPI: PCI Interrupt Link [LNKC] (IRQs 5 9 *10 11)
[    0.320155] ACPI: PCI Interrupt Link [LNKD] (IRQs 5 *9 10 11)
[    0.324508] SCSI subsystem initialized
[    0.325280] pci 0000:00:02.0: vgaarb: setting as boot VGA device
[    0.328000] pci 0000:00:02.0: vgaarb: VGA device added: decodes=io+mem,owns=io+mem,locks=none
[    0.328017] pci 0000:00:02.0: vgaarb: bridge control possible
[    0.328989] vgaarb: loaded
[    0.329548] ACPI: bus type USB registered
[    0.330288] usbcore: registered new interface driver usbfs
[    0.332030] usbcore: registered new interface driver hub
[    0.336054] usbcore: registered new device driver usb
[    0.340102] EDAC MC: Ver: 3.0.0
[    0.344274] PCI: Using ACPI for IRQ routing
[    0.348305] NetLabel: Initializing
[    0.352007] NetLabel:  domain hash size = 128
[    0.356005] NetLabel:  protocols = UNLABELED CIPSOv4 CALIPSO
[    0.360035] NetLabel:  unlabeled traffic allowed by default
[    0.361026] clocksource: Switched to clocksource kvm-clock
[    0.460064] VFS: Disk quotas dquot_6.6.0
[    0.554930] VFS: Dquot-cache hash table entries: 512 (order 0, 4096 bytes)
[    0.643403] AppArmor: AppArmor Filesystem Enabled
[    0.660365] pnp: PnP ACPI init
[    0.661887] pnp: PnP ACPI: found 3 devices
[    0.672660] clocksource: acpi_pm: mask: 0xffffff max_cycles: 0xffffff, max_idle_ns: 2085701024 ns
[    0.705442] NET: Registered protocol family 2
[    0.709606] TCP established hash table entries: 8192 (order: 4, 65536 bytes)
[    0.745286] TCP bind hash table entries: 8192 (order: 5, 131072 bytes)
[    0.915851] TCP: Hash tables configured (established 8192 bind 8192)
[    0.931353] UDP hash table entries: 512 (order: 2, 16384 bytes)
[    0.932361] UDP-Lite hash table entries: 512 (order: 2, 16384 bytes)
[    0.960409] NET: Registered protocol family 1
[    0.961187] pci 0000:00:00.0: Limiting direct PCI/PCI transfers
[    0.962187] pci 0000:00:01.0: Activating ISA DMA hang workarounds
[    0.963231] pci 0000:00:02.0: Video device with shadowed ROM at [mem 0x000c0000-0x000dffff]
[    0.964781] Unpacking initramfs...
[    1.369268] Freeing initrd memory: 19508K
[    1.394960] platform rtc_cmos: registered platform RTC device (no PNP device found)
[    1.557797] Scanning for low memory corruption every 60 seconds
[    1.690380] Initialise system trusted keyrings
[    1.750808] Key type blacklist registered
[    1.766046] workingset: timestamp_bits=36 max_order=18 bucket_order=0
[    1.768141] zbud: loaded
[    1.769127] squashfs: version 4.0 (2009/01/31) Phillip Lougher
[    1.770280] fuse init (API version 7.26)
[    1.774926] Key type asymmetric registered
[    1.818167] Asymmetric key parser 'x509' registered
[    1.818946] Block layer SCSI generic (bsg) driver version 0.4 loaded (major 246)
[    1.820155] io scheduler noop registered
[    1.826563] io scheduler deadline registered
[    1.827367] io scheduler cfq registered (default)
[    1.828509] ACPI: AC Adapter [AC] (on-line)
[    1.831262] input: Power Button as /devices/LNXSYSTM:00/LNXPWRBN:00/input/input0
[    1.832587] ACPI: Power Button [PWRF]
[    1.833266] input: Sleep Button as /devices/LNXSYSTM:00/LNXSLPBN:00/input/input1
[    1.906685] ACPI: Sleep Button [SLPF]
[    1.913209] virtio-pci 0000:00:03.0: virtio_pci: leaving for legacy driver
[    1.913761] ACPI: Battery Slot [BAT0] (battery present)
[    1.957664] virtio-pci 0000:00:08.0: virtio_pci: leaving for legacy driver
[    1.969585] Serial: 8250/16550 driver, 32 ports, IRQ sharing enabled
[    1.992583] 00:02: ttyS0 at I/O 0x3f8 (irq = 4, base_baud = 115200) is a 16550A
[    2.014147] Linux agpgart interface v0.103
[    2.026881] loop: module loaded
[    2.029227] scsi host0: ata_piix
[    2.088488] scsi host1: ata_piix
[    2.089133] ata1: PATA max UDMA/33 cmd 0x1f0 ctl 0x3f6 bmdma 0xd000 irq 14
[    2.090255] ata2: PATA max UDMA/33 cmd 0x170 ctl 0x376 bmdma 0xd008 irq 15
[    2.091559] libphy: Fixed MDIO Bus: probed
[    2.182533] tun: Universal TUN/TAP device driver, 1.6
[    2.194074] PPP generic driver version 2.4.2
[    2.195846] ehci_hcd: USB 2.0 'Enhanced' Host Controller (EHCI) Driver
[    2.198051] ehci-pci: EHCI PCI platform driver
[    2.199581] ehci-platform: EHCI generic platform driver
[    2.201366] ohci_hcd: USB 1.1 'Open' Host Controller (OHCI) Driver
[    2.203356] ohci-pci: OHCI PCI platform driver
[    2.204888] ohci-platform: OHCI generic platform driver
[    2.206615] uhci_hcd: USB Universal Host Controller Interface driver
[    2.208795] i8042: PNP: PS/2 Controller [PNP0303:PS2K,PNP0f03:PS2M] at 0x60,0x64 irq 1,12
[    2.212042] serio: i8042 KBD port at 0x60,0x64 irq 1
[    2.213782] serio: i8042 AUX port at 0x60,0x64 irq 12
[    2.215789] mousedev: PS/2 mouse device common for all mice
[    2.218477] input: AT Translated Set 2 keyboard as /devices/platform/i8042/serio0/input/input2
[    2.221429] rtc_cmos rtc_cmos: rtc core: registered rtc_cmos as rtc0
[    2.259132] rtc_cmos rtc_cmos: alarms up to one day, 114 bytes nvram
[    2.384743] i2c /dev entries driver
[    2.397724] tsc: Refined TSC clocksource calibration: 2398.906 MHz
[    2.397732] clocksource: tsc: mask: 0xffffffffffffffff max_cycles: 0x22942de66b1, max_idle_ns: 440795259545 ns
[    2.445128] pcie_mp2_amd: AMD(R) PCI-E MP2 Communication Driver Version: 1.0
[    2.446331] device-mapper: uevent: version 1.0.3
[    2.447232] device-mapper: ioctl: 4.37.0-ioctl (2017-09-20) initialised: dm-devel@redhat.com
[    2.495592] ledtrig-cpu: registered to indicate activity on CPUs
[    2.516130] NET: Registered protocol family 10
[    2.520720] Segment Routing with IPv6
[    2.525005] NET: Registered protocol family 17
[    2.525909] Key type dns_resolver registered
[    2.526948] RAS: Correctable Errors collector initialized.
[    2.611437] sched_clock: Marking stable (2611405658, 0)->(7220668780, -4609263122)
[    2.613069] registered taskstats version 1
[    2.613726] Loading compiled-in X.509 certificates
[    2.621112] Loaded X.509 cert 'Build time autogenerated kernel key: 28c680bedc8638650c29d29ff1fd33ae66a2014d'
[    2.651001] zswap: loaded using pool lzo/zbud
[    2.655875] Key type big_key registered
[    2.675154] Key type trusted registered
[    2.677792] Key type encrypted registered
[    2.685082] AppArmor: AppArmor sha1 policy hashing enabled
[    2.689759] ima: No TPM chip found, activating TPM-bypass! (rc=-19)
[    2.692575] ima: Allocated hash algorithm: sha1
[    2.693600] evm: HMAC attrs: 0x1
[    2.694644]   Magic number: 14:75:327
[    2.715008] rtc_cmos rtc_cmos: setting system clock to 2018-12-08 11:19:29 UTC (1544267969)
[    2.726166] BIOS EDD facility v0.16 2004-Jun-25, 0 devices found
[    2.731419] EDD information not available.
[    2.736483] Freeing unused kernel memory: 2408K
[    2.764179] Write protecting the kernel read-only data: 20480k
[    2.776025] Freeing unused kernel memory: 2008K
[    2.780142] Freeing unused kernel memory: 1896K
[    2.786572] x86/mm: Checked W+X mappings: passed, no W+X pages found.
[    2.787610] x86/mm: Checking user space page tables
[    2.794013] x86/mm: Checked W+X mappings: passed, no W+X pages found.
Loading, please wait...
starting version 237
[    2.871135] Fusion MPT base driver 3.04.20
[    2.888707] Copyright (c) 1999-2008 LSI Corporation
[    2.907911] AVX version of gcm_enc/dec engaged.
[    2.916446] AES CTR mode by8 optimization enabled
[    2.926399] Fusion MPT SPI Host driver 3.04.20
[    2.963532] virtio_net virtio1 enp0s8: renamed from eth1
[    2.977179] mptbase: ioc0: Initiating bringup
[    3.024378] virtio_net virtio0 enp0s3: renamed from eth0
[    3.105509] input: ImExPS/2 Generic Explorer Mouse as /devices/platform/i8042/serio1/input/input4
[    3.184253] ioc0: LSI53C1030 A0: Capabilities={Initiator}
[    3.500425] scsi host2: ioc0: LSI53C1030 A0, FwRev=00000000h, Ports=1, MaxQ=256, IRQ=20
[    3.720324] scsi 2:0:0:0: Direct-Access     VBOX     HARDDISK         1.0  PQ: 0 ANSI: 5
[    3.776080] scsi target2:0:0: Beginning Domain Validation
[    3.796401] scsi target2:0:0: Domain Validation skipping write tests
[    3.803574] scsi target2:0:0: Ending Domain Validation
[    3.814292] scsi target2:0:0: asynchronous
[    3.815891] scsi 2:0:1:0: Direct-Access     VBOX     HARDDISK         1.0  PQ: 0 ANSI: 5
[    3.848056] scsi target2:0:1: Beginning Domain Validation
[    3.886000] random: fast init done
[    3.895576] scsi target2:0:1: Domain Validation skipping write tests
[    3.959821] scsi target2:0:1: Ending Domain Validation
[    3.963125] scsi target2:0:1: asynchronous
[    3.968879] random: systemd-udevd: uninitialized urandom read (16 bytes read)
[    3.991013] random: systemd-udevd: uninitialized urandom read (16 bytes read)
[    3.991043] sd 2:0:0:0: Attached scsi generic sg0 type 0
[    3.992553] sd 2:0:1:0: Attached scsi generic sg1 type 0
[    3.994361] random: systemd-udevd: uninitialized urandom read (16 bytes read)
[    3.995703] sd 2:0:0:0: [sda] 20971520 512-byte logical blocks: (10.7 GB/10.0 GiB)
[    4.037666] sd 2:0:1:0: [sdb] 20480 512-byte logical blocks: (10.5 MB/10.0 MiB)
[    4.084335] sd 2:0:0:0: [sda] Write Protect is off
[    4.084528] sd 2:0:0:0: [sda] Incomplete mode parameter data
[    4.084530] sd 2:0:0:0: [sda] Assuming drive cache: write through
[    4.120775] sd 2:0:1:0: [sdb] Write Protect is off
[    4.125229] sd 2:0:1:0: [sdb] Incomplete mode parameter data
[    4.130925] sd 2:0:1:0: [sdb] Assuming drive cache: write through
[    4.182850]  sda: sda1
[    4.195767] sd 2:0:0:0: [sda] Attached SCSI disk
[    4.442187] sd 2:0:1:0: [sdb] Attached SCSI disk
Begin: Loading essential drivers ... [    6.668532] raid6: sse2x1   gen()  8829 MB/s
[    6.904118] raid6: sse2x1   xor()  3629 MB/s
[    7.016532] raid6: sse2x2   gen()  6175 MB/s
[    7.094266] raid6: sse2x2   xor()  2582 MB/s
[    7.164236] raid6: sse2x4   gen() 13567 MB/s
[    7.554270] raid6: sse2x4   xor()  6540 MB/s
[    7.994588] raid6: using algorithm sse2x4 gen() 13567 MB/s
[    8.075012] raid6: .... xor() 6540 MB/s, rmw enabled
[    8.083934] raid6: using ssse3x2 recovery algorithm
[    8.096783] xor: automatically using best checksumming function   avx       
[    8.133774] async_tx: api initialized (async)
done.
Begin: Running /scripts/init-premount ... done.
Begin: Mounting root file system ... Begin: Running /scripts/local-top ... done.
Begin: Running /scripts/local-premount ... [    8.260778] Btrfs loaded, crc32c=crc32c-intel
Scanning for Btrfs filesystems
done.
Warning: fsck not present, so skipping root file system
[    9.661061] EXT4-fs (sda1): mounted filesystem with ordered data mode. Opts: (null)
done.
Begin: Running /scripts/local-bottom ... done.
Begin: Running /scripts/init-bottom ... done.
[   10.376172] random: crng init done
[   10.388522] random: 7 urandom warning(s) missed due to ratelimiting
[   15.742496] ip_tables: (C) 2000-2006 Netfilter Core Team
[   16.356127] systemd[1]: systemd 237 running in system mode. (+PAM +AUDIT +SELINUX +IMA +APPARMOR +SMACK +SYSVINIT +UTMP +LIBCRYPTSETUP +GCRYPT +GNUTLS +ACL +XZ +LZ4 +SECCOMP +BLKID +ELFUTILS +KMOD -IDN2 +IDN -PCRE2 default-hierarchy=hybrid)
[   16.391686] systemd[1]: Detected virtualization oracle.
[   16.442002] systemd[1]: Detected architecture x86-64.

Welcome to [1mUbuntu 18.04.1 LTS[0m!

[   16.622007] systemd[1]: Set hostname to <devops>.
[   22.348639] systemd[1]: Reached target User and Group Name Lookups.
[[0;32m  OK  [0m] Reached target User and Group Name Lookups.
[   22.406511] systemd[1]: Reached target Swap.
[[0;32m  OK  [0m] Reached target Swap.
[   22.407671] systemd[1]: Reached target System Time Synchronized.
[[0;32m  OK  [0m] Reached target System Time Synchronized.
[   22.410852] systemd[1]: Created slice User and Session Slice.
[[0;32m  OK  [0m] Created slice User and Session Slice.
[   22.438446] systemd[1]: Started Forward Password Requests to Wall Directory Watch.
[[0;32m  OK  [0m] Started Forward Password Requests to Wall Directory Watch.
[   22.449571] systemd[1]: Created slice System Slice.
[[0;32m  OK  [0m] Created slice System Slice.
[   22.506069] systemd[1]: Listening on LVM2 poll daemon socket.
[[0;32m  OK  [0m] Listening on LVM2 poll daemon socket.
[   22.597389] systemd[1]: Listening on Syslog Socket.
[[0;32m  OK  [0m] Listening on Syslog Socket.
[   22.599127] systemd[1]: Created slice system-serial\x2dgetty.slice.
[[0;32m  OK  [0m] Created slice system-serial\x2dgetty.slice.
[   22.669586] systemd[1]: Listening on LVM2 metadata daemon socket.
[[0;32m  OK  [0m] Listening on LVM2 metadata daemon socket.
[[0;32m  OK  [0m] Listening on Journal Socket.
         Starting Uncomplicated firewall...
         Mounting Huge Pages File System...
         Starting Create list of required st…ce nodes for the current kernel...
         Mounting POSIX Message Queue File System...
         Starting Set the console keyboard layout...
[[0;32m  OK  [0m] Listening on Journal Socket (/dev/log).
[[0;32m  OK  [0m] Listening on Network Service Netlink Socket.
         Starting Remount Root and Kernel File Systems...
         Mounting Kernel Debug File System...
[[0;32m  OK  [0m] Listening on Journal Audit Socket.
[[0;32m  OK  [0m] Listening on udev Control Socket.
         Starting Load Kernel Modules...
         Starting Journal Service...
[[0;32m  OK  [0m] Listening on /dev/initctl Compatibility Named Pipe.
[[0;32m  OK  [0m] Listening on Device-mapper event daemon FIFOs.
         Starting Monitoring of LVM2 mirrors…ng dmeventd or progress polling...
[[0;32m  OK  [0m] Reached target Slices.
[[0;32m  OK  [0m] Set up automount Arbitrary Executab…rmats File System Automount Point.
[[0;32m  OK  [0m] Listening on udev Kernel Socket.
         Starting udev Coldplug all Devices...
[[0;32m  OK  [0m] Started Journal Service.
[[0;32m  OK  [0m] Started Uncomplicated firewall.
[[0;32m  OK  [0m] Started Create list of required sta…vice nodes for the current kernel.
         Starting Create Static Device Nodes in /dev...
[   23.501656] Loading iSCSI transport class v2.0-870.
[[0;32m  OK  [0m] Started udev Coldplug all Devices.
[   23.677806] iscsi: registered transport (tcp)
[   23.768250] iscsi: registered transport (iser)
[[0;32m  OK  [0m] Started Load Kernel Modules.
         Mounting Kernel Configuration File System...
         Starting Apply Kernel Variables...
         Mounting FUSE Control File System...
[[0;32m  OK  [0m] Started Create Static Device Nodes in /dev.
[[0;32m  OK  [0m] Started Apply Kernel Variables.
[[0;32m  OK  [0m] Mounted Huge Pages File System.
[[0;32m  OK  [0m] Mounted POSIX Message Queue File System.
[[0;32m  OK  [0m] Started Remount Root and Kernel File Systems.
[[0;32m  OK  [0m] Mounted Kernel Debug File System.
[[0;32m  OK  [0m] Mounted Kernel Configuration File System.
[[0;32m  OK  [0m] Mounted FUSE Control File System.
         Starting Load/Save Random Seed...
         Starting udev Kernel Device Manager...
         Starting Initial cloud-init job (pre-networking)...
         Starting Flush Journal to Persistent Storage...
[[0;32m  OK  [0m] Started Load/Save Random Seed.
[[0;32m  OK  [0m] Started Set the console keyboard layout.
[[0;32m  OK  [0m] Started LVM2 metadata daemon.
[[0;32m  OK  [0m] Started udev Kernel Device Manager.
[[0;32m  OK  [0m] Started Dispatch Password Requests to Console Directory Watch.
[[0;32m  OK  [0m] Reached target Local Encrypted Volumes.
[[0;32m  OK  [0m] Started Monitoring of LVM2 mirrors,…sing dmeventd or progress polling.
[[0;32m  OK  [0m] Reached target Local File Systems (Pre).
[[0;32m  OK  [0m] Reached target Local File Systems.
         Starting Set console font and keymap...
         Starting ebtables ruleset management...
         Starting AppArmor initialization...
         Starting Tell Plymouth To Write Out Runtime Data...
[[0;32m  OK  [0m] Found device /dev/ttyS0.
[[0;32m  OK  [0m] Started Set console font and keymap.
[[0;32m  OK  [0m] Started Tell Plymouth To Write Out Runtime Data.
[[0;32m  OK  [0m] Listening on Load/Save RF Kill Switch Status /dev/rfkill Watch.
[[0;32m  OK  [0m] Started ebtables ruleset management.
[[0;32m  OK  [0m] Started AppArmor initialization.
[[0;32m  OK  [0m] Started Flush Journal to Persistent Storage.
         Starting Create Volatile Files and Directories...
[[0;32m  OK  [0m] Started Create Volatile Files and Directories.
         Starting Update UTMP about System Boot/Shutdown...
[[0;32m  OK  [0m] Started Update UTMP about System Boot/Shutdown.
[   47.138838] cloud-init[416]: Cloud-init v. 18.4-0ubuntu1~18.04.1 running 'init-local' at Sat, 08 Dec 2018 11:20:12 +0000. Up 45.40 seconds.
[[0;32m  OK  [0m] Started Initial cloud-init job (pre-networking).
[[0;32m  OK  [0m] Reached target Network (Pre).
         Starting Network Service...
[[0;32m  OK  [0m] Started Network Service.
         Starting Wait for Network to be Configured...
         Starting Network Name Resolution...
[[0;32m  OK  [0m] Started Network Name Resolution.
[[0;32m  OK  [0m] Reached target Host and Network Name Lookups.
[[0;32m  OK  [0m] Reached target Network.
[[0;32m  OK  [0m] Started Wait for Network to be Configured.
         Starting Initial cloud-init job (metadata service crawler)...
[   54.077510] cloud-init[710]: Cloud-init v. 18.4-0ubuntu1~18.04.1 running 'init' at Sat, 08 Dec 2018 11:20:16 +0000. Up 49.89 seconds.
[   54.172319] cloud-init[710]: ci-info: ++++++++++++++++++++++++++++++++++++++Net device info+++++++++++++++++++++++++++++++++++++++
[[0;32m  OK  [0m] Started Initial cloud-init job (metadata service crawler).
[   54.300547] cloud-init[710]: ci-info: +--------+------+-----------------------------+---------------+--------+-------------------+
[[0;32m  OK  [0m] Reached target Network is Online.
[   54.384301] cloud-init[710]: ci-info: | Device |  Up  |           Address           |      Mask     | Scope  |     Hw-Address    |
         Starting Availability of block devices...
[[0;32m  OK  [0m] Reached target Remote File Systems (Pre).
[[0;32m  OK  [0m] Reached target Remote File Systems.
[[0;32m  OK  [0m] Reached target System Initialization.
[   54.529614] cloud-init[710]: ci-info: +--------+------+-----------------------------+---------------+--------+-------------------+
[[0;32m  OK  [0m] Started Message of the Day.
[   54.692519] cloud-init[710]: ci-info: | enp0s3 | True |          10.0.2.15          | 255.255.255.0 | global | 02:37:44:80:7e:2c |
         Starting LXD - unix socket.
[   54.801466] cloud-init[710]: ci-info: | enp0s3 | True |  fe80::37:44ff:fe80:7e2c/64 |       .       |  link  | 02:37:44:80:7e:2c |
[[0;32m  OK  [0m] Started ACPI Events Check.
[   54.861350] [cloud-init[0;32m  OK  [0m[710]: ] ci-info: | enp0s8 | True |        192.168.70.12        | 255.255.255.0 | global | 08:00:27:fd:76:e3 |Listening on Open-iSCSI iscsid Socket.

[[0;32m  OK  [0m] Reached target Paths.
[   55.000469] [cloud-init[0;32m  OK  [0m[710]: ] ci-info: | enp0s8 | True | fe80::a00:27ff:fefd:76e3/64 |       .       |  link  | 08:00:27:fd:76:e3 |Started Daily Cleanup of Temporary Directories.

[[0;32m  OK  [0m] Listening on UUID daemon activation socket.
[   55.066636] [cloud-init[0;32m  OK  [0m[710]: ] Started Daily apt download activities.ci-info: |   lo   | True |          127.0.0.1          |   255.0.0.0   |  host  |         .         |

[[0;32m  OK  [0m] Started Discard unused blocks once a week.
[   55.140573] [cloud-init[0;32m  OK  [0m[710]: ] ci-info: |   lo   | True |           ::1/128           |       .       |  host  |         .         |Started Daily apt upgrade and clean activities.

[[0;32m  OK  [0m] Reached target Timers.
[   55.252583] [[0;32m  OK  [0m] Listening on D-Bus System Message Bus Socket.
cloud-init[710]: ci-info: +--------+------+-----------------------------+---------------+--------+-------------------+
         Starting Socket activation for snappy daemon.
[[0;32m  OK  [0m] Listening on ACPID Listen Socket.
[   55.364204] [cloud-init[710]: ci-info: +++++++++++++++++++++++++++++Route IPv4 info+++++++++++++++++++++++++++++
[0;32m  OK  [0m] Reached target Cloud-config availability.
[   55.472525] cloud-init[710]: ci-info: +-------+--------------+----------+-----------------+-----------+-------+
[[0;32m  OK  [0m] Started Availability of block devices.
[   55.536037] cloud-init[710]: ci-info: | Route | Destination  | Gateway  |     Genmask     | Interface | Flags |
[[0;32m  OK  [0m] Listening on LXD - unix socket.
[   55.590516] [cloud-init[0;32m  OK  [0m[710]: ] ci-info: +-------+--------------+----------+-----------------+-----------+-------+Listening on Socket activation for snappy daemon.

[[0;32m  OK  [0m] Reached target Sockets.
[   55.796537] [cloud-init[0;32m  OK  [0m[710]: ] ci-info: |   0   |   0.0.0.0    | 10.0.2.2 |     0.0.0.0     |   enp0s3  |   UG  |Reached target Basic System.

[[0;32m  OK  [0m] Started D-Bus System Message Bus.
[   55.907379] cloud-init[710]: ci-info: |   1   |   10.0.2.0   | 0.0.0.0  |  255.255.255.0  |   enp0s3  |   U   |
[   55.987299] cloud-init[710]: ci-info: |   2   |   10.0.2.2   | 0.0.0.0  | 255.255.255.255 |   enp0s3  |   UH  |
[   56.081737] cloud-init[710]: ci-info: |   3   | 192.168.70.0 | 0.0.0.0  |  255.255.255.0  |   enp0s8  |   U   |
[   56.132828] cloud-init[710]: ci-info: +-------+--------------+----------+-----------------+-----------+-------+
[   56.200367] cloud-init[710]: ci-info: +++++++++++++++++++Route IPv6 info+++++++++++++++++++
[   56.202976] cloud-init[710]: ci-info: +-------+-------------+---------+-----------+-------+
[   56.232724] cloud-init[710]: ci-info: | Route | Destination | Gateway | Interface | Flags |
[   56.281452] cloud-init[710]: ci-info: +-------+-------------+---------+-----------+-------+
[   56.392341] cloud-init[710]: ci-info: |   1   |  fe80::/64  |    ::   |   enp0s8  |   U   |
[   56.424474] cloud-init[710]: ci-info: |   2   |  fe80::/64  |    ::   |   enp0s3  |   U   |
[   56.431113] cloud-init[710]: ci-info: |   4   |    local    |    ::   |   enp0s3  |   U   |
[   56.470045] cloud-init[710]: ci-info: |   5   |    local    |    ::   |   enp0s8  |   U   |
[   56.477649] cloud-init[710]: ci-info: |   6   |   ff00::/8  |    ::   |   enp0s8  |   U   |
[   56.483995] cloud-init[710]: ci-info: |   7   |   ff00::/8  |    ::   |   enp0s3  |   U   |
[   56.489466] cloud-init[710]: ci-info: +-------+-------------+---------+-----------+-------+
[[0;32m  OK  [0m] Started Unattended Upgrades Shutdown.
         Starting Discard unused blocks...
         Starting System Logging Service...
[[0;32m  OK  [0m] Started Regular background program processing daemon.
         Starting LSB: Record successful boot for GRUB...
[[0;32m  OK  [0m] Started irqbalance daemon.
         Starting The Apache HTTP Server...
[[0;32m  OK  [0m] Started Puppet agent.
[[0;32m  OK  [0m] Started Zabbix Agent.
         Starting Permit User Sessions...
         Starting LSB: automatic crash report generation...
         Starting Dispatcher daemon for systemd-networkd...
         Starting OpenBSD Secure Shell server...
         Starting Virtualbox guest utils...
[[0;32m  OK  [0m] Started Deferred execution scheduler.
[[0;32m  OK  [0m] Started FUSE filesystem for LXC.
         Starting Accounts Service...
         Starting Snappy daemon...
         Starting LXD - container startup/shutdown...
         Starting Login Service...
[[0;32m  OK  [0m] Started System Logging Service.
[[0;32m  OK  [0m] Started Discard unused blocks.
[[0;32m  OK  [0m] Started Permit User Sessions.
         Starting Terminate Plymouth Boot Screen...
         Starting Hold until boot process finishes up...
[[0;32m  OK  [0m] Started Terminate Plymouth Boot Screen.
[[0;32m  OK  [0m] Started Hold until boot process finishes up.
[[0;32m  OK  [0m] Started Serial Getty on ttyS0.
         Starting Set console scheme...
[[0;32m  OK  [0m] Started Login Service.
[[0;32m  OK  [0m] Started LSB: automatic crash report generation.

Ubuntu 18.04.1 LTS devops ttyS0

devops login: [   85.513124] cloud-init[1397]: Cloud-init v. 18.4-0ubuntu1~18.04.1 running 'modules:config' at Sat, 08 Dec 2018 11:20:51 +0000. Up 85.08 seconds.
[   87.386008] cloud-init[1456]: Cloud-init v. 18.4-0ubuntu1~18.04.1 running 'modules:final' at Sat, 08 Dec 2018 11:20:52 +0000. Up 86.03 seconds.
[   87.386211] cloud-init[1456]: Cloud-init v. 18.4-0ubuntu1~18.04.1 finished at Sat, 08 Dec 2018 11:20:54 +0000. Datasource DataSourceNoCloud [seed=/dev/sdb][dsmode=net].  Up 87.37 seconds
